#
# A fatal error has been detected by the Java Runtime Environment:
#
#  SIGSEGV (0xb) at pc=0xb6aef7bd, pid=3234, tid=2251836224
#
# JRE version: OpenJDK Runtime Environment (7.0_91-b02) (build 1.7.0_91-b02)
# Java VM: OpenJDK Server VM (24.91-b01 mixed mode linux-x86 )
# Derivative: IcedTea 2.6.3
# Distribution: Ubuntu 14.04 LTS, package 7u91-2.6.3-0ubuntu0.14.04.1
# Problematic frame:
# V  [libjvm.so+0x4207bd]  STWGCTimer::register_gc_start(Ticks const&)+0x1d
#
# Failed to write core dump. Core dumps have been disabled. To enable core dumping, try "ulimit -c unlimited" before starting Java again
#
# If you would like to submit a bug report, please include
# instructions on how to reproduce the bug and visit:
#   http://icedtea.classpath.org/bugzilla
#

---------------  T H R E A D  ---------------

Current thread (0x86210400):  VMThread [stack: 0x86304000,0x86385000] [id=3243]

siginfo:si_signo=SIGSEGV: si_errno=0, si_code=1 (SEGV_MAPERR), si_addr=0x00000000

Registers:
EAX=0x00000000, EBX=0xb7116000, ECX=0x86383f04, EDX=0x00000002
ESP=0x86383d50, EBP=0xb7136fe0, ESI=0xb7541c60, EDI=0x86383f04
EIP=0xb6aef7bd, EFLAGS=0x00010296, CR2=0x00000000

Top of Stack: (sp=0x86383d50)
0x86383d50:   00000000 b7116000 565ef043 00069323
0x86383d60:   b7116000 86383f04 86383f04 b7116000
0x86383d70:   b7541c60 86383f04 86383fc8 b6dc4f03
0x86383d80:   b7136fe0 86383f04 b7136ff4 00000000
0x86383d90:   b7136fe0 049c0000 15540000 0aa40000
0x86383da0:   00000000 0000000a b6410960 b6b21c20
0x86383db0:   049cc000 078d9f90 899b3a38 0aa40000
0x86383dc0:   000003ec 86383ee0 86383ec4 86383e88 

Instructions: (pc=0xb6aef7bd)
0xb6aef79d:   17 eb a8 55 57 56 53 83 ec 1c 8b 6c 24 30 8b 4c
0xb6aef7ad:   24 34 e8 7c 9c c9 ff 81 c3 4c 68 62 00 8b 45 14
0xb6aef7bd:   c7 00 00 00 00 00 c7 45 2c 00 00 00 00 c7 45 30
0xb6aef7cd:   00 00 00 00 c7 45 34 00 00 00 00 c7 45 38 00 00 

Register to memory mapping:

EAX=0x00000000 is an unknown value
EBX=0xb7116000: <offset 0xa47000> in /usr/lib/jvm/java-7-openjdk-i386/jre/lib/i386/server/libjvm.so at 0xb66cf000
ECX=0x86383f04 is an unknown value
EDX=0x00000002 is an unknown value
ESP=0x86383d50 is an unknown value
EBP=0xb7136fe0: <offset 0xa67fe0> in /usr/lib/jvm/java-7-openjdk-i386/jre/lib/i386/server/libjvm.so at 0xb66cf000
ESI=0xb7541c60: <offset 0xe72c60> in /usr/lib/jvm/java-7-openjdk-i386/jre/lib/i386/server/libjvm.so at 0xb66cf000
EDI=0x86383f04 is an unknown value


Stack: [0x86304000,0x86385000],  sp=0x86383d50,  free space=511k
Native frames: (J=compiled Java code, j=interpreted, Vv=VM code, C=native code)
V  [libjvm.so+0x4207bd]  STWGCTimer::register_gc_start(Ticks const&)+0x1d

VM_Operation (0x83afed68): ParallelGCFailedAllocation, mode: safepoint, requested by thread 0x09114000


---------------  P R O C E S S  ---------------

Java Threads: ( => current thread )
  0x09168800 JavaThread "clojure-agent-send-off-pool-107" [_thread_blocked, id=9625, stack(0x83969000,0x839ba000)]
  0x090a1c00 JavaThread "clojure-agent-send-off-pool-106" [_thread_in_native, id=9624, stack(0x8495e000,0x849af000)]
  0x09081400 JavaThread "clojure-agent-send-off-pool-105" [_thread_blocked, id=9623, stack(0x847af000,0x84800000)]
  0x090bcc00 JavaThread "clojure-agent-send-off-pool-98" [_thread_blocked, id=9333, stack(0x8490d000,0x8495e000)]
  0x09114000 JavaThread "TimerQueue" daemon [_thread_blocked, id=7889, stack(0x83aaf000,0x83b00000)]
  0x09150c00 JavaThread "AWT-EventQueue-0" [_thread_blocked, id=7888, stack(0x83c1f000,0x83c70000)]
  0x09126800 JavaThread "AWT-Shutdown" [_thread_blocked, id=7887, stack(0x83c70000,0x83cc1000)]
  0x090f7800 JavaThread "AWT-XAWT" daemon [_thread_in_native, id=7886, stack(0x8550d000,0x8555e000)]
  0x090c3000 JavaThread "Java2D Disposer" daemon [_thread_blocked, id=7885, stack(0x85722000,0x85773000)]
  0x87e17400 JavaThread "clojure-agent-send-off-pool-4" [_thread_in_native, id=3273, stack(0x849af000,0x84a00000)]
  0x0907b000 JavaThread "clojure-agent-send-off-pool-2" [_thread_blocked, id=3271, stack(0x8555e000,0x855af000)]
  0x8622c800 JavaThread "Service Thread" daemon [_thread_blocked, id=3249, stack(0x85dba000,0x85e0b000)]
  0x8622ac00 JavaThread "C1 CompilerThread1" daemon [_thread_blocked, id=3248, stack(0x85e0b000,0x85e8c000)]
  0x86228c00 JavaThread "C2 CompilerThread0" daemon [_thread_blocked, id=3247, stack(0x85e8c000,0x85f0d000)]
  0x86227000 JavaThread "Signal Dispatcher" daemon [_thread_blocked, id=3246, stack(0x85f0d000,0x85f5e000)]
  0x86214800 JavaThread "Finalizer" daemon [_thread_blocked, id=3245, stack(0x8615e000,0x861af000)]
  0x86212c00 JavaThread "Reference Handler" daemon [_thread_blocked, id=3244, stack(0x861af000,0x86200000)]
  0xb6409c00 JavaThread "main" [_thread_blocked, id=3235, stack(0xb6518000,0xb6569000)]

Other Threads:
=>0x86210400 VMThread [stack: 0x86304000,0x86385000] [id=3243]
  0x8622e400 WatcherThread [stack: 0x85d39000,0x85dba000] [id=3250]

VM state:at safepoint (normal execution)

VM Mutex/Monitor currently owned by a thread:  ([mutex/lock_event])
[0xb6407598] Threads_lock - owner thread: 0x86210400
[0xb64079a8] Heap_lock - owner thread: 0x09114000

Heap
 PSYoungGen      total 90368K, used 90160K [0xa5740000, 0xb0200000, 0xb0200000)
  eden space 90112K, 100% used [0xa5740000,0xaaf40000,0xaaf40000)
  from space 256K, 18% used [0xb0180000,0xb018c000,0xb01c0000)
  to   space 256K, 0% used [0xb01c0000,0xb01c0000,0xb0200000)
 ParOldGen       total 48640K, used 48203K [0x90200000, 0x93180000, 0xa5740000)
  object space 48640K, 99% used [0x90200000,0x93112f90,0x93180000)
 PSPermGen       total 42752K, used 24270K [0x88200000, 0x8abc0000, 0x90200000)
  object space 42752K, 56% used [0x88200000,0x899b3a38,0x8abc0000)

Card table byte_map: [0x880bf000,0x88200000] byte_map_base: 0x87c7e000

Polling page: 0xb7739000

Code Cache  [0xb038c000, 0xb0af4000, 0xb638c000)
 total_blobs=4525 nmethods=4273 adapters=186 free_code_cache=90748Kb largest_free_block=92910592

Compilation events (10 events):
Event: 11943.304 Thread 0x8622ac00 4394       1       tetris.gui$game_panel$fn__23537::invoke (10 bytes)
Event: 11943.305 Thread 0x8622ac00 nmethod 4394 0xb0ac5b88 code [0xb0ac5ca0, 0xb0ac5d4c]
Event: 11945.324 Thread 0x8622ac00 4395       1       tetris.gui$game_panel$fn__23533$fn__23534::invoke (21 bytes)
Event: 11945.329 Thread 0x8622ac00 nmethod 4395 0xb0ac5708 code [0xb0ac5840, 0xb0ac5a38]
Event: 11951.642 Thread 0x8622ac00 4396       1       sun.awt.X11.XCrossingEvent::get_type (18 bytes)
Event: 11951.643 Thread 0x8622ac00 nmethod 4396 0xb0ac5448 code [0xb0ac5560, 0xb0ac564c]
Event: 11954.784 Thread 0x8622ac00 4397       1       tetris.gui$piece_mover$reify__23501::actionPerformed (27 bytes)
Event: 11954.785 Thread 0x8622ac00 nmethod 4397 0xb0ac5188 code [0xb0ac52a0, 0xb0ac53ac]
Event: 11977.860 Thread 0x8622ac00 4398       1       tetris.gui$piece_mover$reify__23549::actionPerformed (27 bytes)
Event: 11977.861 Thread 0x8622ac00 nmethod 4398 0xb0a9bc08 code [0xb0a9bd20, 0xb0a9be2c]

GC Heap History (10 events):
Event: 12028.370 GC heap before
{Heap before GC invocations=1457 (full 4):
 PSYoungGen      total 57600K, used 57376K [0xa5740000, 0xb0200000, 0xb0200000)
  eden space 57344K, 100% used [0xa5740000,0xa8f40000,0xa8f40000)
  from space 256K, 12% used [0xb01c0000,0xb01c8000,0xb0200000)
  to   space 256K, 0% used [0xb0180000,0xb0180000,0xb01c0000)
 ParOldGen       total 48640K, used 48111K [0x90200000, 0x93180000, 0xa5740000)
  object space 48640K, 98% used [0x90200000,0x930fbf90,0x93180000)
 PSPermGen       total 42752K, used 24270K [0x88200000, 0x8abc0000, 0x90200000)
  object space 42752K, 56% used [0x88200000,0x899b3a38,0x8abc0000)
Event: 12028.376 GC heap after
Heap after GC invocations=1457 (full 4):
 PSYoungGen      total 55296K, used 64K [0xa5740000, 0xb0200000, 0xb0200000)
  eden space 55040K, 0% used [0xa5740000,0xa5740000,0xa8d00000)
  from space 256K, 25% used [0xb0180000,0xb0190000,0xb01c0000)
  to   space 256K, 0% used [0xb01c0000,0xb01c0000,0xb0200000)
 ParOldGen       total 48640K, used 48135K [0x90200000, 0x93180000, 0xa5740000)
  object space 48640K, 98% used [0x90200000,0x93101f90,0x93180000)
 PSPermGen       total 42752K, used 24270K [0x88200000, 0x8abc0000, 0x90200000)
  object space 42752K, 56% used [0x88200000,0x899b3a38,0x8abc0000)
}
Event: 12028.973 GC heap before
{Heap before GC invocations=1458 (full 4):
 PSYoungGen      total 55296K, used 55104K [0xa5740000, 0xb0200000, 0xb0200000)
  eden space 55040K, 100% used [0xa5740000,0xa8d00000,0xa8d00000)
  from space 256K, 25% used [0xb0180000,0xb0190000,0xb01c0000)
  to   space 256K, 0% used [0xb01c0000,0xb01c0000,0xb0200000)
 ParOldGen       total 48640K, used 48135K [0x90200000, 0x93180000, 0xa5740000)
  object space 48640K, 98% used [0x90200000,0x93101f90,0x93180000)
 PSPermGen       total 42752K, used 24270K [0x88200000, 0x8abc0000, 0x90200000)
  object space 42752K, 56% used [0x88200000,0x899b3a38,0x8abc0000)
Event: 12028.979 GC heap after
Heap after GC invocations=1458 (full 4):
 PSYoungGen      total 52992K, used 32K [0xa5740000, 0xb0200000, 0xb0200000)
  eden space 52736K, 0% used [0xa5740000,0xa5740000,0xa8ac0000)
  from space 256K, 12% used [0xb01c0000,0xb01c8000,0xb0200000)
  to   space 256K, 0% used [0xb0180000,0xb0180000,0xb01c0000)
 ParOldGen       total 48640K, used 48151K [0x90200000, 0x93180000, 0xa5740000)
  object space 48640K, 98% used [0x90200000,0x93105f90,0x93180000)
 PSPermGen       total 42752K, used 24270K [0x88200000, 0x8abc0000, 0x90200000)
  object space 42752K, 56% used [0x88200000,0x899b3a38,0x8abc0000)
}
Event: 12029.532 GC heap before
{Heap before GC invocations=1459 (full 4):
 PSYoungGen      total 52992K, used 52768K [0xa5740000, 0xb0200000, 0xb0200000)
  eden space 52736K, 100% used [0xa5740000,0xa8ac0000,0xa8ac0000)
  from space 256K, 12% used [0xb01c0000,0xb01c8000,0xb0200000)
  to   space 256K, 0% used [0xb0180000,0xb0180000,0xb01c0000)
 ParOldGen       total 48640K, used 48151K [0x90200000, 0x93180000, 0xa5740000)
  object space 48640K, 98% used [0x90200000,0x93105f90,0x93180000)
 PSPermGen       total 42752K, used 24270K [0x88200000, 0x8abc0000, 0x90200000)
  object space 42752K, 56% used [0x88200000,0x899b3a38,0x8abc0000)
Event: 12029.544 GC heap after
Heap after GC invocations=1459 (full 4):
 PSYoungGen      total 63488K, used 32K [0xa5740000, 0xb0200000, 0xb0200000)
  eden space 63232K, 0% used [0xa5740000,0xa5740000,0xa9500000)
  from space 256K, 12% used [0xb0180000,0xb0188000,0xb01c0000)
  to   space 256K, 0% used [0xb01c0000,0xb01c0000,0xb0200000)
 ParOldGen       total 48640K, used 48167K [0x90200000, 0x93180000, 0xa5740000)
  object space 48640K, 99% used [0x90200000,0x93109f90,0x93180000)
 PSPermGen       total 42752K, used 24270K [0x88200000, 0x8abc0000, 0x90200000)
  object space 42752K, 56% used [0x88200000,0x899b3a38,0x8abc0000)
}
Event: 12030.292 GC heap before
{Heap before GC invocations=1460 (full 4):
 PSYoungGen      total 63488K, used 63264K [0xa5740000, 0xb0200000, 0xb0200000)
  eden space 63232K, 100% used [0xa5740000,0xa9500000,0xa9500000)
  from space 256K, 12% used [0xb0180000,0xb0188000,0xb01c0000)
  to   space 256K, 0% used [0xb01c0000,0xb01c0000,0xb0200000)
 ParOldGen       total 48640K, used 48167K [0x90200000, 0x93180000, 0xa5740000)
  object space 48640K, 99% used [0x90200000,0x93109f90,0x93180000)
 PSPermGen       total 42752K, used 24270K [0x88200000, 0x8abc0000, 0x90200000)
  object space 42752K, 56% used [0x88200000,0x899b3a38,0x8abc0000)
Event: 12030.299 GC heap after
Heap after GC invocations=1460 (full 4):
 PSYoungGen      total 75776K, used 48K [0xa5740000, 0xb0200000, 0xb0200000)
  eden space 75520K, 0% used [0xa5740000,0xa5740000,0xaa100000)
  from space 256K, 18% used [0xb01c0000,0xb01cc000,0xb0200000)
  to   space 256K, 0% used [0xb0180000,0xb0180000,0xb01c0000)
 ParOldGen       total 48640K, used 48183K [0x90200000, 0x93180000, 0xa5740000)
  object space 48640K, 99% used [0x90200000,0x9310df90,0x93180000)
 PSPermGen       total 42752K, used 24270K [0x88200000, 0x8abc0000, 0x90200000)
  object space 42752K, 56% used [0x88200000,0x899b3a38,0x8abc0000)
}
Event: 12031.262 GC heap before
{Heap before GC invocations=1461 (full 4):
 PSYoungGen      total 75776K, used 75568K [0xa5740000, 0xb0200000, 0xb0200000)
  eden space 75520K, 100% used [0xa5740000,0xaa100000,0xaa100000)
  from space 256K, 18% used [0xb01c0000,0xb01cc000,0xb0200000)
  to   space 256K, 0% used [0xb0180000,0xb0180000,0xb01c0000)
 ParOldGen       total 48640K, used 48183K [0x90200000, 0x93180000, 0xa5740000)
  object space 48640K, 99% used [0x90200000,0x9310df90,0x93180000)
 PSPermGen       total 42752K, used 24270K [0x88200000, 0x8abc0000, 0x90200000)
  object space 42752K, 56% used [0x88200000,0x899b3a38,0x8abc0000)
Event: 12031.284 GC heap after
Heap after GC invocations=1461 (full 4):
 PSYoungGen      total 90368K, used 48K [0xa5740000, 0xb0200000, 0xb0200000)
  eden space 90112K, 0% used [0xa5740000,0xa5740000,0xaaf40000)
  from space 256K, 18% used [0xb0180000,0xb018c000,0xb01c0000)
  to   space 256K, 0% used [0xb01c0000,0xb01c0000,0xb0200000)
 ParOldGen       total 48640K, used 48203K [0x90200000, 0x93180000, 0xa5740000)
  object space 48640K, 99% used [0x90200000,0x93112f90,0x93180000)
 PSPermGen       total 42752K, used 24270K [0x88200000, 0x8abc0000, 0x90200000)
  object space 42752K, 56% used [0x88200000,0x899b3a38,0x8abc0000)
}

Deoptimization events (0 events):
No events

Internal exceptions (10 events):
Event: 11915.971 Thread 0x09150c00 Threw 0xa647c8a8 at /build/openjdk-7-8Khev_/openjdk-7-7u91-2.6.3/build/openjdk/hotspot/src/share/vm/prims/jni.cpp:747
Event: 11937.838 Thread 0x091aac00 Threw 0xa5b72140 at /build/openjdk-7-8Khev_/openjdk-7-7u91-2.6.3/build/openjdk/hotspot/src/share/vm/prims/jvm.cpp:1322
Event: 11937.838 Thread 0x091aac00 Threw 0xa5b77648 at /build/openjdk-7-8Khev_/openjdk-7-7u91-2.6.3/build/openjdk/hotspot/src/share/vm/prims/jvm.cpp:1322
Event: 11937.838 Thread 0x091aac00 Threw 0xa5b77b10 at /build/openjdk-7-8Khev_/openjdk-7-7u91-2.6.3/build/openjdk/hotspot/src/share/vm/prims/jvm.cpp:1322
Event: 11937.838 Thread 0x091aac00 Threw 0xa5b77fd8 at /build/openjdk-7-8Khev_/openjdk-7-7u91-2.6.3/build/openjdk/hotspot/src/share/vm/prims/jvm.cpp:1322
Event: 11937.838 Thread 0x091aac00 Threw 0xa5b784a0 at /build/openjdk-7-8Khev_/openjdk-7-7u91-2.6.3/build/openjdk/hotspot/src/share/vm/prims/jvm.cpp:1322
Event: 11937.838 Thread 0x091aac00 Threw 0xa5b78968 at /build/openjdk-7-8Khev_/openjdk-7-7u91-2.6.3/build/openjdk/hotspot/src/share/vm/prims/jvm.cpp:1322
Event: 11937.838 Thread 0x091aac00 Threw 0xa5b78e30 at /build/openjdk-7-8Khev_/openjdk-7-7u91-2.6.3/build/openjdk/hotspot/src/share/vm/prims/jvm.cpp:1322
Event: 11938.955 Thread 0x09150c00 Threw 0xaa9f9648 at /build/openjdk-7-8Khev_/openjdk-7-7u91-2.6.3/build/openjdk/hotspot/src/share/vm/prims/jni.cpp:747
Event: 11939.313 Thread 0x09150c00 Threw 0xaad41d00 at /build/openjdk-7-8Khev_/openjdk-7-7u91-2.6.3/build/openjdk/hotspot/src/share/vm/prims/jni.cpp:747

Events (10 events):
Event: 12028.376 Executing VM operation: ParallelGCFailedAllocation done
Event: 12028.973 Executing VM operation: ParallelGCFailedAllocation
Event: 12028.979 Executing VM operation: ParallelGCFailedAllocation done
Event: 12029.532 Executing VM operation: ParallelGCFailedAllocation
Event: 12029.544 Executing VM operation: ParallelGCFailedAllocation done
Event: 12030.292 Executing VM operation: ParallelGCFailedAllocation
Event: 12030.299 Executing VM operation: ParallelGCFailedAllocation done
Event: 12031.262 Executing VM operation: ParallelGCFailedAllocation
Event: 12031.285 Executing VM operation: ParallelGCFailedAllocation done
Event: 12032.818 Executing VM operation: ParallelGCFailedAllocation


Dynamic libraries:
08048000-08049000 r-xp 00000000 08:06 132561     /usr/lib/jvm/java-7-openjdk-i386/jre/bin/java
08049000-0804a000 r--p 00000000 08:06 132561     /usr/lib/jvm/java-7-openjdk-i386/jre/bin/java
0804a000-0804b000 rw-p 00001000 08:06 132561     /usr/lib/jvm/java-7-openjdk-i386/jre/bin/java
0906b000-0921e000 rw-p 00000000 00:00 0          [heap]
835c6000-837d7000 rw-p 00000000 00:00 0 
837d7000-838d1000 rw-s 00000000 00:04 2621457    /SYSV00000000 (deleted)
83969000-8396c000 ---p 00000000 00:00 0 
8396c000-839ba000 rw-p 00000000 00:00 0          [stack:9625]
839ba000-839bd000 ---p 00000000 00:00 0 
839bd000-83a0b000 rw-p 00000000 00:00 0 
83a0b000-83a0e000 ---p 00000000 00:00 0 
83a0e000-83a5c000 rw-p 00000000 00:00 0 
83a5c000-83aac000 r-xp 00000000 08:06 132974     /usr/lib/jvm/java-7-openjdk-i386/jre/lib/i386/libfontmanager.so
83aac000-83aae000 r--p 00050000 08:06 132974     /usr/lib/jvm/java-7-openjdk-i386/jre/lib/i386/libfontmanager.so
83aae000-83aaf000 rw-p 00052000 08:06 132974     /usr/lib/jvm/java-7-openjdk-i386/jre/lib/i386/libfontmanager.so
83aaf000-83ab2000 ---p 00000000 00:00 0 
83ab2000-83b00000 rw-p 00000000 00:00 0          [stack:7889]
83b00000-83b7b000 rw-p 00000000 00:00 0 
83b7b000-83c00000 ---p 00000000 00:00 0 
83c1f000-83c22000 ---p 00000000 00:00 0 
83c22000-83c70000 rw-p 00000000 00:00 0          [stack:7888]
83c70000-83c73000 ---p 00000000 00:00 0 
83c73000-83cc1000 rw-p 00000000 00:00 0          [stack:7887]
83cc1000-83cc5000 r-xp 00000000 08:06 493        /usr/lib/i386-linux-gnu/libXfixes.so.3.1.0
83cc5000-83cc6000 r--p 00003000 08:06 493        /usr/lib/i386-linux-gnu/libXfixes.so.3.1.0
83cc6000-83cc7000 rw-p 00004000 08:06 493        /usr/lib/i386-linux-gnu/libXfixes.so.3.1.0
83ce0000-83ce3000 r-xp 00000000 08:06 914971     /lib/i386-linux-gnu/libgpg-error.so.0.10.0
83ce3000-83ce4000 r--p 00002000 08:06 914971     /lib/i386-linux-gnu/libgpg-error.so.0.10.0
83ce4000-83ce5000 rw-p 00003000 08:06 914971     /lib/i386-linux-gnu/libgpg-error.so.0.10.0
83ce5000-83d0b000 r-xp 00000000 08:06 920957     /lib/i386-linux-gnu/libpng12.so.0.50.0
83d0b000-83d0c000 r--p 00025000 08:06 920957     /lib/i386-linux-gnu/libpng12.so.0.50.0
83d0c000-83d0d000 rw-p 00026000 08:06 920957     /lib/i386-linux-gnu/libpng12.so.0.50.0
83d0d000-83d56000 r-xp 00000000 08:06 914952     /lib/i386-linux-gnu/libdbus-1.so.3.7.6
83d56000-83d57000 r--p 00048000 08:06 914952     /lib/i386-linux-gnu/libdbus-1.so.3.7.6
83d57000-83d58000 rw-p 00049000 08:06 914952     /lib/i386-linux-gnu/libdbus-1.so.3.7.6
83d58000-83d8f000 r-xp 00000000 08:06 6060       /usr/lib/i386-linux-gnu/libp11-kit.so.0.0.0
83d8f000-83d90000 ---p 00037000 08:06 6060       /usr/lib/i386-linux-gnu/libp11-kit.so.0.0.0
83d90000-83d93000 r--p 00037000 08:06 6060       /usr/lib/i386-linux-gnu/libp11-kit.so.0.0.0
83d93000-83d94000 rw-p 0003a000 08:06 6060       /usr/lib/i386-linux-gnu/libp11-kit.so.0.0.0
83d94000-83da6000 r-xp 00000000 08:06 56         /usr/lib/i386-linux-gnu/libtasn1.so.6.2.0
83da6000-83da7000 r--p 00011000 08:06 56         /usr/lib/i386-linux-gnu/libtasn1.so.6.2.0
83da7000-83da8000 rw-p 00012000 08:06 56         /usr/lib/i386-linux-gnu/libtasn1.so.6.2.0
83da8000-83e2a000 r-xp 00000000 08:06 919651     /lib/i386-linux-gnu/libgcrypt.so.11.8.2
83e2a000-83e2b000 r--p 00082000 08:06 919651     /lib/i386-linux-gnu/libgcrypt.so.11.8.2
83e2b000-83e2d000 rw-p 00083000 08:06 919651     /lib/i386-linux-gnu/libgcrypt.so.11.8.2
83e2d000-83e2e000 rw-p 00000000 00:00 0 
83e2e000-83e38000 r-xp 00000000 08:06 5274       /usr/lib/i386-linux-gnu/libkrb5support.so.0.1
83e38000-83e39000 r--p 00009000 08:06 5274       /usr/lib/i386-linux-gnu/libkrb5support.so.0.1
83e39000-83e3a000 rw-p 0000a000 08:06 5274       /usr/lib/i386-linux-gnu/libkrb5support.so.0.1
83e3a000-83e68000 r-xp 00000000 08:06 5265       /usr/lib/i386-linux-gnu/libk5crypto.so.3.1
83e68000-83e69000 r--p 0002d000 08:06 5265       /usr/lib/i386-linux-gnu/libk5crypto.so.3.1
83e69000-83e6a000 rw-p 0002e000 08:06 5265       /usr/lib/i386-linux-gnu/libk5crypto.so.3.1
83e6a000-83f21000 r-xp 00000000 08:06 5272       /usr/lib/i386-linux-gnu/libkrb5.so.3.3
83f21000-83f27000 r--p 000b7000 08:06 5272       /usr/lib/i386-linux-gnu/libkrb5.so.3.3
83f27000-83f28000 rw-p 000bd000 08:06 5272       /usr/lib/i386-linux-gnu/libkrb5.so.3.3
83f28000-83f4d000 r-xp 00000000 08:06 925146     /lib/i386-linux-gnu/libexpat.so.1.6.0
83f4d000-83f4e000 ---p 00025000 08:06 925146     /lib/i386-linux-gnu/libexpat.so.1.6.0
83f4e000-83f50000 r--p 00025000 08:06 925146     /lib/i386-linux-gnu/libexpat.so.1.6.0
83f50000-83f51000 rw-p 00027000 08:06 925146     /lib/i386-linux-gnu/libexpat.so.1.6.0
83f51000-84001000 r-xp 00000000 08:06 207        /usr/lib/i386-linux-gnu/libfreetype.so.6.11.1
84001000-84005000 r--p 000af000 08:06 207        /usr/lib/i386-linux-gnu/libfreetype.so.6.11.1
84005000-84008000 rw-p 000b3000 08:06 207        /usr/lib/i386-linux-gnu/libfreetype.so.6.11.1
84008000-84018000 r-xp 00000000 08:06 5437       /usr/lib/i386-linux-gnu/libavahi-client.so.3.2.9
84018000-84019000 r--p 0000f000 08:06 5437       /usr/lib/i386-linux-gnu/libavahi-client.so.3.2.9
84019000-8401a000 rw-p 00010000 08:06 5437       /usr/lib/i386-linux-gnu/libavahi-client.so.3.2.9
8401a000-84026000 r-xp 00000000 08:06 5439       /usr/lib/i386-linux-gnu/libavahi-common.so.3.5.3
84026000-84027000 r--p 0000b000 08:06 5439       /usr/lib/i386-linux-gnu/libavahi-common.so.3.5.3
84027000-84028000 rw-p 0000c000 08:06 5439       /usr/lib/i386-linux-gnu/libavahi-common.so.3.5.3
84028000-840e9000 r-xp 00000000 08:06 62         /usr/lib/i386-linux-gnu/libgnutls.so.26.22.6
840e9000-840ed000 r--p 000c0000 08:06 62         /usr/lib/i386-linux-gnu/libgnutls.so.26.22.6
840ed000-840ee000 rw-p 000c4000 08:06 62         /usr/lib/i386-linux-gnu/libgnutls.so.26.22.6
840ee000-84132000 r-xp 00000000 08:06 5270       /usr/lib/i386-linux-gnu/libgssapi_krb5.so.2.2
84132000-84133000 r--p 00043000 08:06 5270       /usr/lib/i386-linux-gnu/libgssapi_krb5.so.2.2
84133000-84134000 rw-p 00044000 08:06 5270       /usr/lib/i386-linux-gnu/libgssapi_krb5.so.2.2
84134000-84154000 r-xp 00000000 08:06 6399       /usr/lib/i386-linux-gnu/libxcb.so.1.1.0
84154000-84155000 r--p 0001f000 08:06 6399       /usr/lib/i386-linux-gnu/libxcb.so.1.1.0
84155000-84156000 rw-p 00020000 08:06 6399       /usr/lib/i386-linux-gnu/libxcb.so.1.1.0
84156000-8418f000 r-xp 00000000 08:06 5629       /usr/lib/i386-linux-gnu/libfontconfig.so.1.8.0
8418f000-84190000 r--p 00039000 08:06 5629       /usr/lib/i386-linux-gnu/libfontconfig.so.1.8.0
84190000-84191000 rw-p 0003a000 08:06 5629       /usr/lib/i386-linux-gnu/libfontconfig.so.1.8.0
84191000-841f8000 r-xp 00000000 08:06 135        /usr/lib/i386-linux-gnu/libcups.so.2
841f8000-841f9000 ---p 00067000 08:06 135        /usr/lib/i386-linux-gnu/libcups.so.2
841f9000-841fd000 r--p 00067000 08:06 135        /usr/lib/i386-linux-gnu/libcups.so.2
841fd000-841fe000 rw-p 0006b000 08:06 135        /usr/lib/i386-linux-gnu/libcups.so.2
841fe000-8432e000 r-xp 00000000 08:06 5329       /usr/lib/i386-linux-gnu/libX11.so.6.3.0
8432e000-8432f000 r--p 00130000 08:06 5329       /usr/lib/i386-linux-gnu/libX11.so.6.3.0
8432f000-84331000 rw-p 00131000 08:06 5329       /usr/lib/i386-linux-gnu/libX11.so.6.3.0
84331000-84332000 rw-p 00000000 00:00 0 
84332000-84343000 r-xp 00000000 08:06 1245       /usr/lib/i386-linux-gnu/libXext.so.6.4.0
84343000-84344000 r--p 00010000 08:06 1245       /usr/lib/i386-linux-gnu/libXext.so.6.4.0
84344000-84345000 rw-p 00011000 08:06 1245       /usr/lib/i386-linux-gnu/libXext.so.6.4.0
84345000-843d4000 r-xp 00000000 08:06 132970     /usr/lib/jvm/java-7-openjdk-i386/jre/lib/i386/libawt.so
843d4000-843d5000 r--p 0008f000 08:06 132970     /usr/lib/jvm/java-7-openjdk-i386/jre/lib/i386/libawt.so
843d5000-843dc000 rw-p 00090000 08:06 132970     /usr/lib/jvm/java-7-openjdk-i386/jre/lib/i386/libawt.so
843dc000-84400000 rw-p 00000000 00:00 0 
84400000-845b7000 rw-p 00000000 00:00 0 
845b7000-84600000 ---p 00000000 00:00 0 
84600000-846fe000 rw-p 00000000 00:00 0 
846fe000-84700000 ---p 00000000 00:00 0 
84702000-84710000 r-xp 00000000 08:06 2425       /usr/lib/i386-linux-gnu/libXi.so.6.1.0
84710000-84711000 r--p 0000e000 08:06 2425       /usr/lib/i386-linux-gnu/libXi.so.6.1.0
84711000-84712000 rw-p 0000f000 08:06 2425       /usr/lib/i386-linux-gnu/libXi.so.6.1.0
84712000-8475a000 r-xp 00000000 08:06 132509     /usr/lib/jvm/java-7-openjdk-i386/jre/lib/i386/xawt/libmawt.so
8475a000-8475b000 r--p 00047000 08:06 132509     /usr/lib/jvm/java-7-openjdk-i386/jre/lib/i386/xawt/libmawt.so
8475b000-8475d000 rw-p 00048000 08:06 132509     /usr/lib/jvm/java-7-openjdk-i386/jre/lib/i386/xawt/libmawt.so
8475d000-8475e000 rw-p 00000000 00:00 0 
8475e000-84761000 ---p 00000000 00:00 0 
84761000-847af000 rw-p 00000000 00:00 0 
847af000-847b2000 ---p 00000000 00:00 0 
847b2000-84800000 rw-p 00000000 00:00 0          [stack:9623]
84800000-848fb000 rw-p 00000000 00:00 0 
848fb000-84900000 ---p 00000000 00:00 0 
84904000-84906000 r-xp 00000000 08:06 914981     /lib/i386-linux-gnu/libkeyutils.so.1.4
84906000-84907000 r--p 00002000 08:06 914981     /lib/i386-linux-gnu/libkeyutils.so.1.4
84907000-84908000 rw-p 00003000 08:06 914981     /lib/i386-linux-gnu/libkeyutils.so.1.4
84908000-8490b000 r-xp 00000000 08:06 918895     /lib/i386-linux-gnu/libcom_err.so.2.1
8490b000-8490c000 r--p 00002000 08:06 918895     /lib/i386-linux-gnu/libcom_err.so.2.1
8490c000-8490d000 rw-p 00003000 08:06 918895     /lib/i386-linux-gnu/libcom_err.so.2.1
8490d000-84910000 ---p 00000000 00:00 0 
84910000-8495e000 rw-p 00000000 00:00 0          [stack:9333]
8495e000-84961000 ---p 00000000 00:00 0 
84961000-849af000 rw-p 00000000 00:00 0          [stack:9624]
849af000-849b2000 ---p 00000000 00:00 0 
849b2000-84a00000 rw-p 00000000 00:00 0          [stack:3273]
84a00000-84aba000 rw-p 00000000 00:00 0 
84aba000-84b00000 ---p 00000000 00:00 0 
84b00000-84c00000 rw-p 00000000 00:00 0 
84c00000-84cfe000 rw-p 00000000 00:00 0 
84cfe000-84d00000 ---p 00000000 00:00 0 
84d00000-84dfb000 rw-p 00000000 00:00 0 
84dfb000-84e00000 ---p 00000000 00:00 0 
84e00000-84ef1000 rw-p 00000000 00:00 0 
84ef1000-84f00000 ---p 00000000 00:00 0 
84f00000-84ff8000 rw-p 00000000 00:00 0 
84ff8000-85000000 ---p 00000000 00:00 0 
85000000-850fa000 rw-p 00000000 00:00 0 
850fa000-85100000 ---p 00000000 00:00 0 
85100000-851fc000 rw-p 00000000 00:00 0 
851fc000-85200000 ---p 00000000 00:00 0 
85200000-852ff000 rw-p 00000000 00:00 0 
852ff000-85300000 ---p 00000000 00:00 0 
85300000-853f1000 rw-p 00000000 00:00 0 
853f1000-85400000 ---p 00000000 00:00 0 
85400000-85500000 rw-p 00000000 00:00 0 
85502000-8550b000 r-xp 00000000 08:06 2427       /usr/lib/i386-linux-gnu/libXrender.so.1.3.0
8550b000-8550c000 r--p 00008000 08:06 2427       /usr/lib/i386-linux-gnu/libXrender.so.1.3.0
8550c000-8550d000 rw-p 00009000 08:06 2427       /usr/lib/i386-linux-gnu/libXrender.so.1.3.0
8550d000-85510000 ---p 00000000 00:00 0 
85510000-8555e000 rw-p 00000000 00:00 0          [stack:7886]
8555e000-85561000 ---p 00000000 00:00 0 
85561000-855af000 rw-p 00000000 00:00 0          [stack:3271]
855af000-855b2000 ---p 00000000 00:00 0 
855b2000-85600000 rw-p 00000000 00:00 0 
85600000-85700000 rw-p 00000000 00:00 0 
85702000-85707000 r-xp 00000000 08:06 5344       /usr/lib/i386-linux-gnu/libXdmcp.so.6.0.0
85707000-85708000 r--p 00004000 08:06 5344       /usr/lib/i386-linux-gnu/libXdmcp.so.6.0.0
85708000-85709000 rw-p 00005000 08:06 5344       /usr/lib/i386-linux-gnu/libXdmcp.so.6.0.0
8570c000-8570d000 rw-p 00000000 00:00 0 
8570d000-85716000 r-xp 00000000 08:06 5340       /usr/lib/i386-linux-gnu/libXcursor.so.1.0.2
85716000-85717000 r--p 00008000 08:06 5340       /usr/lib/i386-linux-gnu/libXcursor.so.1.0.2
85717000-85718000 rw-p 00009000 08:06 5340       /usr/lib/i386-linux-gnu/libXcursor.so.1.0.2
85718000-85722000 r--s 000ae000 08:06 133019     /usr/lib/jvm/java-7-openjdk-i386/jre/lib/resources.jar
85722000-85725000 ---p 00000000 00:00 0 
85725000-85773000 rw-p 00000000 00:00 0          [stack:7885]
85773000-8587d000 r-xp 00000000 08:06 914969     /lib/i386-linux-gnu/libglib-2.0.so.0.4002.0
8587d000-8587e000 r--p 00109000 08:06 914969     /lib/i386-linux-gnu/libglib-2.0.so.0.4002.0
8587e000-8587f000 rw-p 0010a000 08:06 914969     /lib/i386-linux-gnu/libglib-2.0.so.0.4002.0
8587f000-859fc000 r-xp 00000000 08:06 5716       /usr/lib/i386-linux-gnu/libgio-2.0.so.0.4002.0
859fc000-859fe000 r--p 0017d000 08:06 5716       /usr/lib/i386-linux-gnu/libgio-2.0.so.0.4002.0
859fe000-859ff000 rw-p 0017f000 08:06 5716       /usr/lib/i386-linux-gnu/libgio-2.0.so.0.4002.0
859ff000-85a00000 rw-p 00000000 00:00 0 
85a00000-85afc000 rw-p 00000000 00:00 0 
85afc000-85b00000 ---p 00000000 00:00 0 
85b00000-85b05000 r-xp 00000000 08:06 5374       /usr/lib/i386-linux-gnu/libXtst.so.6.1.0
85b05000-85b06000 r--p 00004000 08:06 5374       /usr/lib/i386-linux-gnu/libXtst.so.6.1.0
85b06000-85b07000 rw-p 00005000 08:06 5374       /usr/lib/i386-linux-gnu/libXtst.so.6.1.0
85b07000-85b0c000 r--s 0004e000 08:06 133012     /usr/lib/jvm/java-7-openjdk-i386/jre/lib/jsse.jar
85b0c000-85b48000 r-xp 00000000 08:06 920921     /lib/i386-linux-gnu/libpcre.so.3.13.1
85b48000-85b49000 r--p 0003b000 08:06 920921     /lib/i386-linux-gnu/libpcre.so.3.13.1
85b49000-85b4a000 rw-p 0003c000 08:06 920921     /lib/i386-linux-gnu/libpcre.so.3.13.1
85b4a000-85b6a000 r-xp 00000000 08:06 915068     /lib/i386-linux-gnu/libselinux.so.1
85b6a000-85b6b000 r--p 0001f000 08:06 915068     /lib/i386-linux-gnu/libselinux.so.1
85b6b000-85b6c000 rw-p 00020000 08:06 915068     /lib/i386-linux-gnu/libselinux.so.1
85b6c000-85b6d000 rw-p 00000000 00:00 0 
85b6d000-85bbd000 r-xp 00000000 08:06 5744       /usr/lib/i386-linux-gnu/libgobject-2.0.so.0.4002.0
85bbd000-85bbe000 r--p 0004f000 08:06 5744       /usr/lib/i386-linux-gnu/libgobject-2.0.so.0.4002.0
85bbe000-85bbf000 rw-p 00050000 08:06 5744       /usr/lib/i386-linux-gnu/libgobject-2.0.so.0.4002.0
85bbf000-85c00000 r--s 00368000 08:06 1053360    /home/moderator/.m2/repository/org/clojure/clojure/1.7.0/clojure-1.7.0.jar
85c00000-85cfd000 rw-p 00000000 00:00 0 
85cfd000-85d00000 ---p 00000000 00:00 0 
85d00000-85d02000 r-xp 00000000 08:06 5333       /usr/lib/i386-linux-gnu/libXau.so.6.0.0
85d02000-85d03000 r--p 00001000 08:06 5333       /usr/lib/i386-linux-gnu/libXau.so.6.0.0
85d03000-85d04000 rw-p 00002000 08:06 5333       /usr/lib/i386-linux-gnu/libXau.so.6.0.0
85d04000-85d05000 r--s 00000000 08:06 1058316    /home/moderator/.m2/repository/im/chit/hara.common/2.1.8/hara.common-2.1.8.jar
85d05000-85d06000 r--s 00002000 08:06 1067415    /home/moderator/.m2/repository/marick/clojure-commons/1.1.2/clojure-commons-1.1.2.jar
85d06000-85d08000 r--s 00006000 08:06 1067379    /home/moderator/.m2/repository/com/rpl/specter/0.8.0/specter-0.8.0.jar
85d08000-85d1b000 r-xp 00000000 08:06 920137     /lib/i386-linux-gnu/libresolv-2.19.so
85d1b000-85d1c000 ---p 00013000 08:06 920137     /lib/i386-linux-gnu/libresolv-2.19.so
85d1c000-85d1d000 r--p 00013000 08:06 920137     /lib/i386-linux-gnu/libresolv-2.19.so
85d1d000-85d1e000 rw-p 00014000 08:06 920137     /lib/i386-linux-gnu/libresolv-2.19.so
85d1e000-85d20000 rw-p 00000000 00:00 0 
85d20000-85d21000 r--s 00000000 08:06 1058305    /home/moderator/.m2/repository/im/chit/hara.namespace.import/2.1.8/hara.namespace.import-2.1.8.jar
85d21000-85d23000 r--s 00000000 08:06 1054191    /home/moderator/.m2/repository/im/chit/hara.data.map/2.1.8/hara.data.map-2.1.8.jar
85d23000-85d25000 r--s 00005000 08:06 1058069    /home/moderator/.m2/repository/io/aviso/pretty/0.1.18/pretty-0.1.18.jar
85d25000-85d27000 r--s 00001000 08:06 1053718    /home/moderator/.m2/repository/spyscope/spyscope/0.1.5/spyscope-0.1.5.jar
85d27000-85d28000 r--s 00002000 08:06 1068332    /home/moderator/.m2/repository/slingshot/slingshot/0.12.2/slingshot-0.12.2.jar
85d28000-85d29000 r--s 00009000 08:06 1053628    /home/moderator/.m2/repository/org/clojure/tools.nrepl/0.2.10/tools.nrepl-0.2.10.jar
85d29000-85d2b000 r--s 00002000 08:06 1067363    /home/moderator/.m2/repository/riddley/riddley/0.1.10/riddley-0.1.10.jar
85d2b000-85d2c000 r--s 00001000 08:06 1076551    /home/moderator/.m2/repository/im/chit/vinyasa.maven/0.4.2/vinyasa.maven-0.4.2.jar
85d2c000-85d2d000 r--s 00000000 08:06 1058319    /home/moderator/.m2/repository/im/chit/hara.common.hash/2.1.8/hara.common.hash-2.1.8.jar
85d2d000-85d2e000 r--s 00004000 08:06 1053714    /home/moderator/.m2/repository/clj-time/clj-time/0.7.0/clj-time-0.7.0.jar
85d2e000-85d2f000 r--s 00000000 08:06 1076547    /home/moderator/.m2/repository/im/chit/vinyasa.lein/0.4.2/vinyasa.lein-0.4.2.jar
85d2f000-85d30000 r--s 00001000 08:06 1058061    /home/moderator/.m2/repository/mvxcvi/whidbey/1.0.0/whidbey-1.0.0.jar
85d30000-85d32000 r--s 00000000 08:06 1058315    /home/moderator/.m2/repository/im/chit/hara.common.checks/2.1.8/hara.common.checks-2.1.8.jar
85d32000-85d33000 r--s 00004000 08:06 1067358    /home/moderator/.m2/repository/org/clojure/tools.namespace/0.2.10/tools.namespace-0.2.10.jar
85d33000-85d39000 r--s 00033000 08:06 1060126    /home/moderator/.m2/repository/commons-codec/commons-codec/1.6/commons-codec-1.6.jar
85d39000-85d3a000 ---p 00000000 00:00 0 
85d3a000-85dba000 rw-p 00000000 00:00 0          [stack:3250]
85dba000-85dbd000 ---p 00000000 00:00 0 
85dbd000-85e0b000 rw-p 00000000 00:00 0          [stack:3249]
85e0b000-85e0e000 ---p 00000000 00:00 0 
85e0e000-85e8c000 rw-p 00000000 00:00 0          [stack:3248]
85e8c000-85e8f000 ---p 00000000 00:00 0 
85e8f000-85f0d000 rw-p 00000000 00:00 0          [stack:3247]
85f0d000-85f10000 ---p 00000000 00:00 0 
85f10000-85f5e000 rw-p 00000000 00:00 0          [stack:3246]
85f5e000-8615e000 r--p 00000000 08:06 7657       /usr/lib/locale/locale-archive
8615e000-86161000 ---p 00000000 00:00 0 
86161000-861af000 rw-p 00000000 00:00 0          [stack:3245]
861af000-861b2000 ---p 00000000 00:00 0 
861b2000-86200000 rw-p 00000000 00:00 0          [stack:3244]
86200000-862fe000 rw-p 00000000 00:00 0 
862fe000-86300000 ---p 00000000 00:00 0 
86300000-86301000 r--s 00000000 08:06 1067380    /home/moderator/.m2/repository/environ/environ/1.0.1/environ-1.0.1.jar
86301000-86302000 r--s 00001000 08:06 1058060    /home/moderator/.m2/repository/org/clojure/data.finger-tree/0.0.2/data.finger-tree-0.0.2.jar
86302000-86304000 r--s 00000000 08:06 1058339    /home/moderator/.m2/repository/im/chit/hara.common.primitives/2.1.8/hara.common.primitives-2.1.8.jar
86304000-86305000 ---p 00000000 00:00 0 
86305000-863ce000 rw-p 00000000 00:00 0          [stack:3243]
863ce000-86580000 r--s 01d2e000 08:06 132959     /usr/lib/jvm/java-7-openjdk-i386/jre/lib/rt.jar
86580000-87c00000 rw-p 00000000 00:00 0 
87c00000-87cfc000 rw-p 00000000 00:00 0 
87cfc000-87d00000 ---p 00000000 00:00 0 
87d00000-87d02000 r--s 00000000 08:06 1076845    /home/moderator/.m2/repository/im/chit/vinyasa.reflection/0.4.2/vinyasa.reflection-0.4.2.jar
87d02000-87d03000 r--s 00002000 08:06 1059743    /home/moderator/.m2/repository/version-clj/version-clj/0.1.2/version-clj-0.1.2.jar
87d03000-87d08000 r-xp 00000000 08:06 3903       /usr/lib/i386-linux-gnu/libffi.so.6.0.1
87d08000-87d09000 r--p 00005000 08:06 3903       /usr/lib/i386-linux-gnu/libffi.so.6.0.1
87d09000-87d0a000 rw-p 00006000 08:06 3903       /usr/lib/i386-linux-gnu/libffi.so.6.0.1
87d0a000-87d22000 r-xp 00000000 08:06 132997     /usr/lib/jvm/java-7-openjdk-i386/jre/lib/i386/libnet.so
87d22000-87d23000 r--p 00017000 08:06 132997     /usr/lib/jvm/java-7-openjdk-i386/jre/lib/i386/libnet.so
87d23000-87d24000 rw-p 00018000 08:06 132997     /usr/lib/jvm/java-7-openjdk-i386/jre/lib/i386/libnet.so
87d24000-87d7f000 rw-p 00000000 00:00 0 
87d7f000-87d80000 ---p 00000000 00:00 0 
87d80000-87e00000 rw-p 00000000 00:00 0          [stack:3241]
87e00000-87f00000 rw-p 00000000 00:00 0 
87f00000-87f01000 r--s 00000000 08:06 1065895    /home/moderator/.m2/repository/im/chit/vinyasa.inject/0.4.2/vinyasa.inject-0.4.2.jar
87f01000-87f04000 r-xp 00000000 08:06 5728       /usr/lib/i386-linux-gnu/libgmodule-2.0.so.0.4002.0
87f04000-87f05000 r--p 00002000 08:06 5728       /usr/lib/i386-linux-gnu/libgmodule-2.0.so.0.4002.0
87f05000-87f06000 rw-p 00003000 08:06 5728       /usr/lib/i386-linux-gnu/libgmodule-2.0.so.0.4002.0
87f06000-87f17000 r-xp 00000000 08:06 132965     /usr/lib/jvm/java-7-openjdk-i386/jre/lib/i386/libnio.so
87f17000-87f18000 r--p 00010000 08:06 132965     /usr/lib/jvm/java-7-openjdk-i386/jre/lib/i386/libnio.so
87f18000-87f19000 rw-p 00011000 08:06 132965     /usr/lib/jvm/java-7-openjdk-i386/jre/lib/i386/libnio.so
87f19000-87f1b000 r--s 00004000 08:06 1067365    /home/moderator/.m2/repository/potemkin/potemkin/0.4.1/potemkin-0.4.1.jar
87f1b000-87f1c000 r--s 00000000 08:06 1065878    /home/moderator/.m2/repository/im/chit/vinyasa.classloader/0.4.2/vinyasa.classloader-0.4.2.jar
87f1c000-87f1d000 r--s 00000000 08:06 1058342    /home/moderator/.m2/repository/im/chit/hara.common.error/2.1.8/hara.common.error-2.1.8.jar
87f1d000-87f2c000 r--s 0007f000 08:06 1047515    /home/moderator/.m2/repository/joda-time/joda-time/2.3/joda-time-2.3.jar
87f2c000-87f2e000 r--s 00013000 08:06 1067370    /home/moderator/.m2/repository/clj-tuple/clj-tuple/0.2.2/clj-tuple-0.2.2.jar
87f2e000-87f30000 r--s 00000000 08:06 1076860    /home/moderator/.m2/repository/im/chit/vinyasa.reimport/0.4.2/vinyasa.reimport-0.4.2.jar
87f30000-87f31000 r--s 00003000 08:06 1068291    /home/moderator/.m2/repository/flare/flare/0.2.9/flare-0.2.9.jar
87f31000-87f32000 r--s 00001000 08:06 1068280    /home/moderator/.m2/repository/swiss-arrows/swiss-arrows/1.0.0/swiss-arrows-1.0.0.jar
87f32000-87f33000 r--s 00001000 08:06 1045662    /home/moderator/.m2/repository/org/clojure/tools.trace/0.7.9/tools.trace-0.7.9.jar
87f33000-87f35000 r--s 00000000 08:06 1060135    /home/moderator/.m2/repository/org/tcrawley/dynapath/0.2.3/dynapath-0.2.3.jar
87f35000-87f36000 r--s 00000000 08:06 1058108    /home/moderator/.m2/repository/robert/hooke/1.3.0/hooke-1.3.0.jar
87f36000-87f37000 r--s 00000000 08:06 1058300    /home/moderator/.m2/repository/im/chit/hara.class.checks/2.1.8/hara.class.checks-2.1.8.jar
87f37000-87f38000 r--s 00008000 08:06 1058110    /home/moderator/.m2/repository/org/clojars/brenton/google-diff-match-patch/0.1/google-diff-match-patch-0.1.jar
87f38000-87f3a000 r--s 00000000 08:06 1058057    /home/moderator/.m2/repository/org/clojure/data.codec/0.1.0/data.codec-0.1.0.jar
87f3a000-87f3c000 r--s 00000000 08:06 1070073    /home/moderator/.m2/repository/org/clojure/core.unify/0.5.2/core.unify-0.5.2.jar
87f3c000-87f3d000 r--s 00003000 08:06 1058075    /home/moderator/.m2/repository/mvxcvi/puget/0.8.1/puget-0.8.1.jar
87f3d000-87f3e000 r--s 00000000 08:06 1058308    /home/moderator/.m2/repository/im/chit/hara.class/2.1.8/hara.class-2.1.8.jar
87f3e000-87f40000 r--s 00004000 08:06 1058313    /home/moderator/.m2/repository/im/chit/hara.reflect/2.1.8/hara.reflect-2.1.8.jar
87f40000-87f41000 r--s 00000000 08:06 1058101    /home/moderator/.m2/repository/transduce/transduce/0.1.0/transduce-0.1.0.jar
87f41000-87f44000 r--s 0001a000 08:06 1059982    /home/moderator/.m2/repository/midje/midje/1.8.2/midje-1.8.2.jar
87f44000-87f53000 rw-p 00000000 00:00 0 
87f53000-87f54000 ---p 00000000 00:00 0 
87f54000-87fe9000 rw-p 00000000 00:00 0          [stack:3238]
87fe9000-88014000 rw-p 00000000 00:00 0 
88014000-8802c000 rw-p 00000000 00:00 0 
8802c000-880bf000 rw-p 00000000 00:00 0 
880bf000-880d4000 rw-p 00000000 00:00 0 
880d4000-880ff000 rw-p 00000000 00:00 0 
880ff000-88117000 rw-p 00000000 00:00 0 
88117000-881a9000 rw-p 00000000 00:00 0 
881a9000-881ff000 rw-p 00000000 00:00 0 
881ff000-8abc0000 rw-p 00000000 00:00 0 
8abc0000-90200000 rw-p 00000000 00:00 0 
90200000-93180000 rw-p 00000000 00:00 0 
93180000-a5740000 rw-p 00000000 00:00 0 
a5740000-b0200000 rw-p 00000000 00:00 0 
b0200000-b0201000 r--s 00001000 08:06 1067359    /home/moderator/.m2/repository/org/clojure/tools.macro/0.1.5/tools.macro-0.1.5.jar
b0201000-b0203000 r--s 00007000 08:06 1067364    /home/moderator/.m2/repository/marick/suchwow/4.4.1/suchwow-4.4.1.jar
b0203000-b0204000 r--s 00002000 08:06 1058066    /home/moderator/.m2/repository/fipp/fipp/0.5.2/fipp-0.5.2.jar
b0204000-b0205000 r--s 00000000 08:06 1068271    /home/moderator/.m2/repository/colorize/colorize/0.1.1/colorize-0.1.1.jar
b0205000-b0206000 r--s 00000000 08:06 1058292    /home/moderator/.m2/repository/im/chit/hara.class.inheritance/2.1.8/hara.class.inheritance-2.1.8.jar
b0206000-b0207000 r--s 00002000 08:06 1068268    /home/moderator/.m2/repository/ordered/ordered/1.2.0/ordered-1.2.0.jar
b0207000-b0208000 r--s 00002000 08:06 1060127    /home/moderator/.m2/repository/org/clojure/math.combinatorics/0.1.1/math.combinatorics-0.1.1.jar
b0208000-b020c000 r--s 0003c000 08:06 132906     /usr/lib/jvm/java-7-openjdk-i386/jre/lib/ext/sunpkcs11.jar
b020c000-b022a000 rw-p 00000000 00:00 0 
b022a000-b038c000 rw-p 00000000 00:00 0 
b038c000-b0af4000 rwxp 00000000 00:00 0 
b0af4000-b638c000 rw-p 00000000 00:00 0 
b638c000-b6397000 r-xp 00000000 08:06 920179     /lib/i386-linux-gnu/libnss_files-2.19.so
b6397000-b6398000 r--p 0000a000 08:06 920179     /lib/i386-linux-gnu/libnss_files-2.19.so
b6398000-b6399000 rw-p 0000b000 08:06 920179     /lib/i386-linux-gnu/libnss_files-2.19.so
b6399000-b63a3000 r-xp 00000000 08:06 919792     /lib/i386-linux-gnu/libnss_nis-2.19.so
b63a3000-b63a4000 r--p 00009000 08:06 919792     /lib/i386-linux-gnu/libnss_nis-2.19.so
b63a4000-b63a5000 rw-p 0000a000 08:06 919792     /lib/i386-linux-gnu/libnss_nis-2.19.so
b63a5000-b63ba000 r-xp 00000000 08:06 919829     /lib/i386-linux-gnu/libnsl-2.19.so
b63ba000-b63bb000 r--p 00015000 08:06 919829     /lib/i386-linux-gnu/libnsl-2.19.so
b63bb000-b63bc000 rw-p 00016000 08:06 919829     /lib/i386-linux-gnu/libnsl-2.19.so
b63bc000-b63be000 rw-p 00000000 00:00 0 
b63be000-b63bf000 r--s 00000000 08:06 1054103    /home/moderator/.m2/repository/clojure-complete/clojure-complete/0.2.3/clojure-complete-0.2.3.jar
b63bf000-b63c0000 r--s 00004000 08:06 1058077    /home/moderator/.m2/repository/venantius/ultra/0.3.4/ultra-0.3.4.jar
b63c0000-b63c1000 r--s 00000000 08:06 1069952    /home/moderator/.m2/repository/im/chit/vinyasa/0.4.2/vinyasa-0.4.2.jar
b63c1000-b63c5000 r--s 00085000 08:06 132638     /usr/lib/jvm/java-7-openjdk-i386/jre/lib/ext/localedata.jar
b63c5000-b63cd000 r-xp 00000000 08:06 132969     /usr/lib/jvm/java-7-openjdk-i386/jre/lib/i386/libzip.so
b63cd000-b63ce000 r--p 00007000 08:06 132969     /usr/lib/jvm/java-7-openjdk-i386/jre/lib/i386/libzip.so
b63ce000-b63cf000 rw-p 00008000 08:06 132969     /usr/lib/jvm/java-7-openjdk-i386/jre/lib/i386/libzip.so
b63cf000-b63d7000 rw-s 00000000 08:06 524264     /tmp/hsperfdata_moderator/3234
b63d7000-b63fe000 r-xp 00000000 08:06 132977     /usr/lib/jvm/java-7-openjdk-i386/jre/lib/i386/libjava.so
b63fe000-b63ff000 r--p 00026000 08:06 132977     /usr/lib/jvm/java-7-openjdk-i386/jre/lib/i386/libjava.so
b63ff000-b6400000 rw-p 00027000 08:06 132977     /usr/lib/jvm/java-7-openjdk-i386/jre/lib/i386/libjava.so
b6400000-b64ff000 rw-p 00000000 00:00 0 
b64ff000-b6500000 ---p 00000000 00:00 0 
b6500000-b6502000 r--s 00012000 08:06 132637     /usr/lib/jvm/java-7-openjdk-i386/jre/lib/ext/zipfs.jar
b6502000-b6506000 r--s 00034000 08:06 132640     /usr/lib/jvm/java-7-openjdk-i386/jre/lib/ext/sunjce_provider.jar
b6506000-b650d000 r-xp 00000000 08:06 919923     /lib/i386-linux-gnu/libnss_compat-2.19.so
b650d000-b650e000 r--p 00006000 08:06 919923     /lib/i386-linux-gnu/libnss_compat-2.19.so
b650e000-b650f000 rw-p 00007000 08:06 919923     /lib/i386-linux-gnu/libnss_compat-2.19.so
b650f000-b6516000 r-xp 00000000 08:06 920213     /lib/i386-linux-gnu/librt-2.19.so
b6516000-b6517000 r--p 00006000 08:06 920213     /lib/i386-linux-gnu/librt-2.19.so
b6517000-b6518000 rw-p 00007000 08:06 920213     /lib/i386-linux-gnu/librt-2.19.so
b6518000-b651b000 ---p 00000000 00:00 0 
b651b000-b6569000 rw-p 00000000 00:00 0          [stack:3235]
b6569000-b6585000 r-xp 00000000 08:06 975287     /lib/i386-linux-gnu/libgcc_s.so.1
b6585000-b6586000 r--p 0001b000 08:06 975287     /lib/i386-linux-gnu/libgcc_s.so.1
b6586000-b6587000 rw-p 0001c000 08:06 975287     /lib/i386-linux-gnu/libgcc_s.so.1
b6587000-b65cb000 r-xp 00000000 08:06 919910     /lib/i386-linux-gnu/libm-2.19.so
b65cb000-b65cc000 r--p 00043000 08:06 919910     /lib/i386-linux-gnu/libm-2.19.so
b65cc000-b65cd000 rw-p 00044000 08:06 919910     /lib/i386-linux-gnu/libm-2.19.so
b65cd000-b66c7000 r-xp 00000000 08:06 2773       /usr/lib/i386-linux-gnu/libstdc++.so.6.0.21
b66c7000-b66c8000 ---p 000fa000 08:06 2773       /usr/lib/i386-linux-gnu/libstdc++.so.6.0.21
b66c8000-b66cc000 r--p 000fa000 08:06 2773       /usr/lib/i386-linux-gnu/libstdc++.so.6.0.21
b66cc000-b66cd000 rw-p 000fe000 08:06 2773       /usr/lib/i386-linux-gnu/libstdc++.so.6.0.21
b66cd000-b66cf000 rw-p 00000000 00:00 0 
b66cf000-b70c3000 r-xp 00000000 08:06 132985     /usr/lib/jvm/java-7-openjdk-i386/jre/lib/i386/server/libjvm.so
b70c3000-b70c4000 ---p 009f4000 08:06 132985     /usr/lib/jvm/java-7-openjdk-i386/jre/lib/i386/server/libjvm.so
b70c4000-b7116000 r--p 009f4000 08:06 132985     /usr/lib/jvm/java-7-openjdk-i386/jre/lib/i386/server/libjvm.so
b7116000-b712a000 rw-p 00a46000 08:06 132985     /usr/lib/jvm/java-7-openjdk-i386/jre/lib/i386/server/libjvm.so
b712a000-b7548000 rw-p 00000000 00:00 0 
b7548000-b7560000 r-xp 00000000 08:06 915101     /lib/i386-linux-gnu/libz.so.1.2.8
b7560000-b7561000 r--p 00017000 08:06 915101     /lib/i386-linux-gnu/libz.so.1.2.8
b7561000-b7562000 rw-p 00018000 08:06 915101     /lib/i386-linux-gnu/libz.so.1.2.8
b7562000-b757a000 r-xp 00000000 08:06 920053     /lib/i386-linux-gnu/libpthread-2.19.so
b757a000-b757b000 r--p 00018000 08:06 920053     /lib/i386-linux-gnu/libpthread-2.19.so
b757b000-b757c000 rw-p 00019000 08:06 920053     /lib/i386-linux-gnu/libpthread-2.19.so
b757c000-b757e000 rw-p 00000000 00:00 0 
b757e000-b7581000 r-xp 00000000 08:06 919737     /lib/i386-linux-gnu/libdl-2.19.so
b7581000-b7582000 r--p 00002000 08:06 919737     /lib/i386-linux-gnu/libdl-2.19.so
b7582000-b7583000 rw-p 00003000 08:06 919737     /lib/i386-linux-gnu/libdl-2.19.so
b7583000-b772b000 r-xp 00000000 08:06 918979     /lib/i386-linux-gnu/libc-2.19.so
b772b000-b772d000 r--p 001a8000 08:06 918979     /lib/i386-linux-gnu/libc-2.19.so
b772d000-b772e000 rw-p 001aa000 08:06 918979     /lib/i386-linux-gnu/libc-2.19.so
b772e000-b7731000 rw-p 00000000 00:00 0 
b7731000-b7733000 r--s 00006000 08:06 400814     /usr/share/java/java-atk-wrapper.jar
b7733000-b7736000 r--s 0000f000 08:06 132639     /usr/lib/jvm/java-7-openjdk-i386/jre/lib/ext/icedtea-sound.jar
b7736000-b7737000 r--s 00002000 08:06 132942     /usr/lib/jvm/java-7-openjdk-i386/jre/lib/ext/dnsns.jar
b7737000-b7738000 r--p 00855000 08:06 7657       /usr/lib/locale/locale-archive
b7738000-b7739000 rw-p 00000000 00:00 0 
b7739000-b773a000 ---p 00000000 00:00 0 
b773a000-b7748000 r-xp 00000000 08:06 132993     /usr/lib/jvm/java-7-openjdk-i386/jre/lib/i386/libverify.so
b7748000-b7749000 r--p 0000d000 08:06 132993     /usr/lib/jvm/java-7-openjdk-i386/jre/lib/i386/libverify.so
b7749000-b774a000 rw-p 0000e000 08:06 132993     /usr/lib/jvm/java-7-openjdk-i386/jre/lib/i386/libverify.so
b774a000-b7756000 r-xp 00000000 08:06 132994     /usr/lib/jvm/java-7-openjdk-i386/jre/lib/i386/jli/libjli.so
b7756000-b7757000 r--p 0000c000 08:06 132994     /usr/lib/jvm/java-7-openjdk-i386/jre/lib/i386/jli/libjli.so
b7757000-b7758000 rw-p 0000d000 08:06 132994     /usr/lib/jvm/java-7-openjdk-i386/jre/lib/i386/jli/libjli.so
b7758000-b775b000 rw-p 00000000 00:00 0 
b775b000-b775c000 r-xp 00000000 00:00 0          [vdso]
b775c000-b775e000 r--p 00000000 00:00 0          [vvar]
b775e000-b777e000 r-xp 00000000 08:06 919755     /lib/i386-linux-gnu/ld-2.19.so
b777e000-b777f000 r--p 0001f000 08:06 919755     /lib/i386-linux-gnu/ld-2.19.so
b777f000-b7780000 rw-p 00020000 08:06 919755     /lib/i386-linux-gnu/ld-2.19.so
bfa7e000-bfa7f000 rwxp 00000000 00:00 0 
bfaaf000-bfad2000 rw-p 00000000 00:00 0          [stack]

VM Arguments:
jvm_args: -Dfile.encoding=UTF-8 -XX:+TieredCompilation -XX:TieredStopAtLevel=1 -XX:-OmitStackTraceInFastThrow -Dclojure.compile.path=/home/moderator/Desktop/Clojure/tetris/target/base+system+user+dev/classes -Dtetris.version=0.1.0-SNAPSHOT -Dclojure.debug=false 
java_command: clojure.main -i /tmp/form-init8445841662740250785.clj
Launcher Type: SUN_STANDARD

Environment Variables:
CLASSPATH=/home/moderator/.lein/self-installs/leiningen-2.5.2-standalone.jar
PATH=/usr/local/sbin:/usr/local/bin:/usr/sbin:/usr/bin:/sbin:/bin:/usr/games:/usr/local/games
SHELL=/bin/bash
DISPLAY=:0

Signal Handlers:
SIGSEGV: [libjvm.so+0x811920], sa_mask[0]=0x7ffbfeff, sa_flags=0x10000004
SIGBUS: [libjvm.so+0x811920], sa_mask[0]=0x7ffbfeff, sa_flags=0x10000004
SIGFPE: [libjvm.so+0x688d70], sa_mask[0]=0x7ffbfeff, sa_flags=0x10000004
SIGPIPE: [libjvm.so+0x688d70], sa_mask[0]=0x7ffbfeff, sa_flags=0x10000004
SIGXFSZ: [libjvm.so+0x688d70], sa_mask[0]=0x7ffbfeff, sa_flags=0x10000004
SIGILL: [libjvm.so+0x688d70], sa_mask[0]=0x7ffbfeff, sa_flags=0x10000004
SIGUSR1: SIG_DFL, sa_mask[0]=0x00000000, sa_flags=0x00000000
SIGUSR2: [libjvm.so+0x688c00], sa_mask[0]=0x00000004, sa_flags=0x10000004
SIGHUP: [libjvm.so+0x688e30], sa_mask[0]=0x7ffbfeff, sa_flags=0x10000004
SIGINT: [libjvm.so+0x688e30], sa_mask[0]=0x7ffbfeff, sa_flags=0x10000004
SIGTERM: [libjvm.so+0x688e30], sa_mask[0]=0x7ffbfeff, sa_flags=0x10000004
SIGQUIT: [libjvm.so+0x688e30], sa_mask[0]=0x7ffbfeff, sa_flags=0x10000004
SIGTRAP: SIG_DFL, sa_mask[0]=0x00000000, sa_flags=0x00000000


---------------  S Y S T E M  ---------------

OS:Ubuntu 14.04 (trusty)
uname:Linux 3.16.0-55-generic #74~14.04.1-Ubuntu SMP Tue Nov 17 10:16:12 UTC 2015 i686
libc:glibc 2.19 NPTL 2.19 
rlimit: STACK 8192k, CORE 0k, NPROC 15965, NOFILE 4096, AS infinity
load average:4.74 2.99 2.01

/proc/meminfo:
MemTotal:        2063176 kB
MemFree:          608956 kB
MemAvailable:     826876 kB
Buffers:           35568 kB
Cached:           321484 kB
SwapCached:        48364 kB
Active:           532788 kB
Inactive:         762676 kB
Active(anon):     328992 kB
Inactive(anon):   619236 kB
Active(file):     203796 kB
Inactive(file):   143440 kB
Unevictable:          48 kB
Mlocked:              48 kB
HighTotal:       1182984 kB
HighFree:         349180 kB
LowTotal:         880192 kB
LowFree:          259776 kB
SwapTotal:       2091004 kB
SwapFree:        1860756 kB
Dirty:               428 kB
Writeback:             0 kB
AnonPages:        898516 kB
Mapped:            83264 kB
Shmem:              9360 kB
Slab:              38568 kB
SReclaimable:      21128 kB
SUnreclaim:        17440 kB
KernelStack:        3272 kB
PageTables:         5796 kB
NFS_Unstable:          0 kB
Bounce:                0 kB
WritebackTmp:          0 kB
CommitLimit:     3122592 kB
Committed_AS:    2238256 kB
VmallocTotal:     122880 kB
VmallocUsed:       19356 kB
VmallocChunk:      94084 kB
AnonHugePages:    671744 kB
HugePages_Total:       0
HugePages_Free:        0
HugePages_Rsvd:        0
HugePages_Surp:        0
Hugepagesize:       2048 kB
DirectMap4k:       65528 kB
DirectMap2M:      843776 kB


CPU:total 2 (2 cores per cpu, 1 threads per core) family 6 model 23 stepping 6, cmov, cx8, fxsr, mmx, sse, sse2, sse3, ssse3, sse4.1, tsc

/proc/cpuinfo:
processor	: 0
vendor_id	: GenuineIntel
cpu family	: 6
model		: 23
model name	: Intel(R) Core(TM)2 Duo CPU     P8600  @ 2.40GHz
stepping	: 6
microcode	: 0x60c
cpu MHz		: 2401.000
cache size	: 3072 KB
physical id	: 0
siblings	: 2
core id		: 0
cpu cores	: 2
apicid		: 0
initial apicid	: 0
fdiv_bug	: no
f00f_bug	: no
coma_bug	: no
fpu		: yes
fpu_exception	: yes
cpuid level	: 10
wp		: yes
flags		: fpu vme de pse tsc msr pae mce cx8 apic sep mtrr pge mca cmov pat pse36 clflush dts acpi mmx fxsr sse sse2 ss ht tm pbe nx lm constant_tsc arch_perfmon pebs bts aperfmperf pni dtes64 monitor ds_cpl vmx smx est tm2 ssse3 cx16 xtpr pdcm sse4_1 lahf_lm dtherm tpr_shadow vnmi flexpriority
bogomips	: 4788.13
clflush size	: 64
cache_alignment	: 64
address sizes	: 36 bits physical, 48 bits virtual
power management:

processor	: 1
vendor_id	: GenuineIntel
cpu family	: 6
model		: 23
model name	: Intel(R) Core(TM)2 Duo CPU     P8600  @ 2.40GHz
stepping	: 6
microcode	: 0x60c
cpu MHz		: 2401.000
cache size	: 3072 KB
physical id	: 0
siblings	: 2
core id		: 1
cpu cores	: 2
apicid		: 1
initial apicid	: 1
fdiv_bug	: no
f00f_bug	: no
coma_bug	: no
fpu		: yes
fpu_exception	: yes
cpuid level	: 10
wp		: yes
flags		: fpu vme de pse tsc msr pae mce cx8 apic sep mtrr pge mca cmov pat pse36 clflush dts acpi mmx fxsr sse sse2 ss ht tm pbe nx lm constant_tsc arch_perfmon pebs bts aperfmperf pni dtes64 monitor ds_cpl vmx smx est tm2 ssse3 cx16 xtpr pdcm sse4_1 lahf_lm dtherm tpr_shadow vnmi flexpriority
bogomips	: 4788.13
clflush size	: 64
cache_alignment	: 64
address sizes	: 36 bits physical, 48 bits virtual
power management:



Memory: 4k page, physical 2063176k(608956k free), swap 2091004k(1860756k free)

vm_info: OpenJDK Server VM (24.91-b01) for linux-x86 JRE (1.7.0_91-b02), built on Nov 19 2015 06:19:32 by "buildd" with gcc 4.8.2

time: Wed Dec  2 20:21:08 2015
elapsed time: 12033 seconds

